[2024-10-03 8:07:20]	[ALERT]	404 - erreur dans le processus de traitement du routage
    routeInfo: array(
        0 => 1,
        1 => 'avatar@index',
        2 => array(),
    )
    exception-line: 234
    exception-file: 'C:\Users\Sasha\Desktop\cours\MMI3\devback\s5.tp1.etudiant-parcours\src\Model\Model.php'
    exception-code: 'SQLSTATE[42S02]: Base table or view not found: 1146 Table 's5.tp1.etudiant-parcours.avatar' doesn't exist'
[2024-10-03 8:07:24]	[ALERT]	404 - erreur dans le processus de traitement du routage
    routeInfo: array(
        0 => 1,
        1 => 'avatar@index',
        2 => array(),
    )
    exception-line: 234
    exception-file: 'C:\Users\Sasha\Desktop\cours\MMI3\devback\s5.tp1.etudiant-parcours\src\Model\Model.php'
    exception-code: 'SQLSTATE[42S02]: Base table or view not found: 1146 Table 's5.tp1.etudiant-parcours.avatar' doesn't exist'
[2024-10-03 8:07:25]	[ALERT]	404 - erreur dans le processus de traitement du routage
    routeInfo: array(
        0 => 1,
        1 => 'avatar@index',
        2 => array(),
    )
    exception-line: 234
    exception-file: 'C:\Users\Sasha\Desktop\cours\MMI3\devback\s5.tp1.etudiant-parcours\src\Model\Model.php'
    exception-code: 'SQLSTATE[42S02]: Base table or view not found: 1146 Table 's5.tp1.etudiant-parcours.avatar' doesn't exist'
[2024-10-03 8:07:26]	[ALERT]	404 - erreur dans le processus de traitement du routage
    routeInfo: array(
        0 => 1,
        1 => 'avatar@index',
        2 => array(),
    )
    exception-line: 234
    exception-file: 'C:\Users\Sasha\Desktop\cours\MMI3\devback\s5.tp1.etudiant-parcours\src\Model\Model.php'
    exception-code: 'SQLSTATE[42S02]: Base table or view not found: 1146 Table 's5.tp1.etudiant-parcours.avatar' doesn't exist'
[2024-10-03 8:08:11]	[ALERT]	404 - commande non existante :: /étudiants
[2024-10-03 8:10:08]	[ALERT]	500 - le contrôleur App\Controller\EtudiantController n'existe pas
[2024-10-03 8:14:49]	[ALERT]	500 - le contrôleur App\Controller\EtudiantController n'existe pas
[2024-10-03 8:14:51]	[ALERT]	500 - le contrôleur App\Controller\EtudiantController n'existe pas
[2024-10-03 8:14:54]	[ALERT]	500 - le contrôleur App\Controller\EtudiantController n'existe pas
[2024-10-03 8:17:48]	[ALERT]	404 - erreur dans le processus de traitement du routage
    routeInfo: array(
        0 => 1,
        1 => 'etudiant@index',
        2 => array(),
    )
    exception-line: 227
    exception-file: 'C:\Users\Sasha\Desktop\cours\MMI3\devback\s5.tp1.etudiant-parcours\vendor\twig\twig\src\Loader\FilesystemLoader.php'
    exception-code: 'Unable to find template "etudiants/index.html.twig" (looked into: C:\Users\Sasha\Desktop\cours\MMI3\devback\s5.tp1.etudiant-parcours\src\View).'
[2024-10-03 8:17:51]	[ALERT]	404 - erreur dans le processus de traitement du routage
    routeInfo: array(
        0 => 1,
        1 => 'avatar@index',
        2 => array(),
    )
    exception-line: 234
    exception-file: 'C:\Users\Sasha\Desktop\cours\MMI3\devback\s5.tp1.etudiant-parcours\src\Model\Model.php'
    exception-code: 'SQLSTATE[42S02]: Base table or view not found: 1146 Table 's5.tp1.etudiant-parcours.avatar' doesn't exist'
[2024-10-03 8:21:26]	[ALERT]	404 - erreur dans le processus de traitement du routage
    routeInfo: array(
        0 => 1,
        1 => 'avatar@index',
        2 => array(),
    )
    exception-line: 234
    exception-file: 'C:\Users\Sasha\Desktop\cours\MMI3\devback\s5.tp1.etudiant-parcours\src\Model\Model.php'
    exception-code: 'SQLSTATE[42S02]: Base table or view not found: 1146 Table 's5.tp1.etudiant-parcours.avatar' doesn't exist'
[2024-10-03 8:21:32]	[ALERT]	404 - erreur dans le processus de traitement du routage
    routeInfo: array(
        0 => 1,
        1 => 'etudiant@index',
        2 => array(),
    )
    exception-line: 227
    exception-file: 'C:\Users\Sasha\Desktop\cours\MMI3\devback\s5.tp1.etudiant-parcours\vendor\twig\twig\src\Loader\FilesystemLoader.php'
    exception-code: 'Unable to find template "etudiants/index.html.twig" (looked into: C:\Users\Sasha\Desktop\cours\MMI3\devback\s5.tp1.etudiant-parcours\src\View).'
[2024-10-03 8:21:47]	[ALERT]	404 - erreur dans le processus de traitement du routage
    routeInfo: array(
        0 => 1,
        1 => 'etudiant@index',
        2 => array(),
    )
    exception-line: 227
    exception-file: 'C:\Users\Sasha\Desktop\cours\MMI3\devback\s5.tp1.etudiant-parcours\vendor\twig\twig\src\Loader\FilesystemLoader.php'
    exception-code: 'Unable to find template "etudiants/index.html.twig" (looked into: C:\Users\Sasha\Desktop\cours\MMI3\devback\s5.tp1.etudiant-parcours\src\View).'
[2024-10-03 8:22:17]	[ALERT]	404 - erreur dans le processus de traitement du routage
    routeInfo: array(
        0 => 1,
        1 => 'etudiant@index',
        2 => array(),
    )
    exception-line: 227
    exception-file: 'C:\Users\Sasha\Desktop\cours\MMI3\devback\s5.tp1.etudiant-parcours\vendor\twig\twig\src\Loader\FilesystemLoader.php'
    exception-code: 'Unable to find template "etudiants/index.html.twig" (looked into: C:\Users\Sasha\Desktop\cours\MMI3\devback\s5.tp1.etudiant-parcours\src\View).'
[2024-10-03 8:22:56]	[ALERT]	404 - erreur dans le processus de traitement du routage
    routeInfo: array(
        0 => 1,
        1 => 'etudiant@index',
        2 => array(),
    )
    exception-line: 227
    exception-file: 'C:\Users\Sasha\Desktop\cours\MMI3\devback\s5.tp1.etudiant-parcours\vendor\twig\twig\src\Loader\FilesystemLoader.php'
    exception-code: 'Unable to find template "etudiants/index.html.twig" (looked into: C:\Users\Sasha\Desktop\cours\MMI3\devback\s5.tp1.etudiant-parcours\src\View).'
[2024-10-03 8:23:04]	[ALERT]	404 - erreur dans le processus de traitement du routage
    routeInfo: array(
        0 => 1,
        1 => 'etudiant@index',
        2 => array(),
    )
    exception-line: 227
    exception-file: 'C:\Users\Sasha\Desktop\cours\MMI3\devback\s5.tp1.etudiant-parcours\vendor\twig\twig\src\Loader\FilesystemLoader.php'
    exception-code: 'Unable to find template "etudiants/index.html.twig" (looked into: C:\Users\Sasha\Desktop\cours\MMI3\devback\s5.tp1.etudiant-parcours\src\View).'
[2024-10-03 9:23:49]	[ALERT]	404 - commande non existante :: /parcours/créa
[2024-10-03 9:23:53]	[ALERT]	404 - commande non existante :: /parcours/
[2024-10-03 9:24:42]	[ALERT]	404 - commande non existante :: /parcours/
[2024-10-03 9:24:46]	[ALERT]	404 - commande non existante :: /parcours/créa
[2024-10-03 9:24:48]	[ALERT]	404 - commande non existante :: /parcours/
[2024-10-03 9:25:43]	[ALERT]	404 - commande non existante :: /parcours/
[2024-10-03 9:25:47]	[ALERT]	404 - commande non existante :: /parcours/
[2024-10-03 9:26:06]	[ALERT]	404 - commande non existante :: /parcours/
[2024-10-03 9:30:54]	[ALERT]	404 - commande non existante :: /parcours/
[2024-10-03 9:31:06]	[ALERT]	404 - commande non existante :: /=
[2024-10-03 9:31:24]	[ALERT]	404 - commande non existante :: /parcours/
[2024-10-03 9:33:44]	[ALERT]	404 - commande non existante :: /parcours/créa
[2024-10-03 9:37:51]	[ALERT]	404 - commande non existante :: /parcours/créa
[2024-10-03 9:42:28]	[ALERT]	404 - commande non existante :: /parcours/
[2024-10-03 9:42:37]	[ALERT]	404 - commande non existante :: /parcours/créa
[2024-10-03 10:15:19]	[ALERT]	404 - commande non existante :: /parcours/
[2024-10-03 10:29:02]	[ALERT]	404 - commande non existante :: /parcours/
