[2024-11-25 14:00:57]	[ALERT]	404 - commande non existante :: /
[2024-11-25 14:01:55]	[ALERT]	404 - erreur dans le processus de traitement du routage
    routeInfo: array(
        0 => 1,
        1 => 'deck@edit',
        2 => array(
            'id' => '4',
        ),
    )
    exception-line: 230
    exception-file: 'C:\xampp\htdocs\ReignApi\src\Model\Model.php'
    exception-code: 'SQLSTATE[42S22]: Column not found: 1054 Unknown column 'id' in 'where clause''
[2024-11-25 14:03:28]	[ALERT]	404 - erreur dans le processus de traitement du routage
    routeInfo: array(
        0 => 1,
        1 => 'deck@edit',
        2 => array(
            'id' => '4',
        ),
    )
    exception-line: 230
    exception-file: 'C:\xampp\htdocs\ReignApi\src\Model\Model.php'
    exception-code: 'SQLSTATE[42S22]: Column not found: 1054 Unknown column 'id' in 'where clause''
[2024-11-25 14:17:14]	[ALERT]	404 - erreur dans le processus de traitement du routage
    routeInfo: array(
        0 => 1,
        1 => 'deck@edit',
        2 => array(
            'id' => '4',
        ),
    )
    exception-line: 230
    exception-file: 'C:\xampp\htdocs\ReignApi\src\Model\Model.php'
    exception-code: 'SQLSTATE[42S22]: Column not found: 1054 Unknown column 'deck_id' in 'where clause''
[2024-11-25 14:19:45]	[ALERT]	404 - erreur dans le processus de traitement du routage
    routeInfo: array(
        0 => 1,
        1 => 'deck@edit',
        2 => array(
            'id' => '4',
        ),
    )
    exception-line: 230
    exception-file: 'C:\xampp\htdocs\ReignApi\src\Model\Model.php'
    exception-code: 'SQLSTATE[42S22]: Column not found: 1054 Unknown column 'id' in 'where clause''
[2024-11-25 14:22:36]	[ALERT]	404 - erreur dans le processus de traitement du routage
    routeInfo: array(
        0 => 1,
        1 => 'deck@edit',
        2 => array(
            'id' => '4',
        ),
    )
    exception-line: 230
    exception-file: 'C:\xampp\htdocs\ReignApi\src\Model\Model.php'
    exception-code: 'SQLSTATE[42S22]: Column not found: 1054 Unknown column 'id' in 'where clause''
[2024-11-25 14:30:33]	[ALERT]	404 - erreur dans le processus de traitement du routage
    routeInfo: array(
        0 => 1,
        1 => 'deck@edit',
        2 => array(
            'id_deck' => '4',
        ),
    )
    exception-line: 230
    exception-file: 'C:\xampp\htdocs\ReignApi\src\Model\Model.php'
    exception-code: 'SQLSTATE[42S22]: Column not found: 1054 Unknown column 'id' in 'where clause''
[2024-11-25 14:32:28]	[ALERT]	404 - erreur dans le processus de traitement du routage
    routeInfo: array(
        0 => 1,
        1 => 'deck@edit',
        2 => array(
            'id_deck' => '4',
        ),
    )
    exception-line: 230
    exception-file: 'C:\xampp\htdocs\ReignApi\src\Model\Model.php'
    exception-code: 'SQLSTATE[42S22]: Column not found: 1054 Unknown column 'id' in 'where clause''
[2024-11-25 14:42:18]	[ALERT]	404 - erreur dans le processus de traitement du routage
    routeInfo: array(
        0 => 1,
        1 => 'deck@edit',
        2 => array(
            'id' => '4',
        ),
    )
    exception-line: 230
    exception-file: 'C:\xampp\htdocs\ReignApi\src\Model\Model.php'
    exception-code: 'SQLSTATE[42S22]: Column not found: 1054 Unknown column 'id' in 'where clause''
[2024-11-25 14:42:23]	[ALERT]	404 - erreur dans le processus de traitement du routage
    routeInfo: array(
        0 => 1,
        1 => 'deck@edit',
        2 => array(
            'id' => '5',
        ),
    )
    exception-line: 230
    exception-file: 'C:\xampp\htdocs\ReignApi\src\Model\Model.php'
    exception-code: 'SQLSTATE[42S22]: Column not found: 1054 Unknown column 'id' in 'where clause''
[2024-11-25 14:44:16]	[ALERT]	404 - erreur dans le processus de traitement du routage
    routeInfo: array(
        0 => 1,
        1 => 'deck@edit',
        2 => array(
            'id' => '5',
        ),
    )
    exception-line: 230
    exception-file: 'C:\xampp\htdocs\ReignApi\src\Model\Model.php'
    exception-code: 'SQLSTATE[42S22]: Column not found: 1054 Unknown column 'caca' in 'where clause''
[2024-11-25 14:45:25]	[ALERT]	404 - erreur dans le processus de traitement du routage
    routeInfo: array(
        0 => 1,
        1 => 'deck@edit',
        2 => array(
            'id_deck' => '5',
        ),
    )
    exception-line: 230
    exception-file: 'C:\xampp\htdocs\ReignApi\src\Model\Model.php'
    exception-code: 'SQLSTATE[42S22]: Column not found: 1054 Unknown column 'id' in 'where clause''
[2024-11-25 14:45:26]	[ALERT]	404 - erreur dans le processus de traitement du routage
    routeInfo: array(
        0 => 1,
        1 => 'deck@edit',
        2 => array(
            'id_deck' => '5',
        ),
    )
    exception-line: 230
    exception-file: 'C:\xampp\htdocs\ReignApi\src\Model\Model.php'
    exception-code: 'SQLSTATE[42S22]: Column not found: 1054 Unknown column 'id' in 'where clause''
[2024-11-25 14:50:46]	[ALERT]	404 - erreur dans le processus de traitement du routage
    routeInfo: array(
        0 => 1,
        1 => 'deck@edit',
        2 => array(
            'id_deck' => '5',
        ),
    )
    exception-line: 230
    exception-file: 'C:\xampp\htdocs\ReignApi\src\Model\Model.php'
    exception-code: 'SQLSTATE[42S22]: Column not found: 1054 Unknown column 'id' in 'where clause''
[2024-11-25 14:55:41]	[ALERT]	404 - erreur dans le processus de traitement du routage
    routeInfo: array(
        0 => 1,
        1 => 'deck@edit',
        2 => array(
            'id_deck' => '5',
        ),
    )
    exception-line: 230
    exception-file: 'C:\xampp\htdocs\ReignApi\src\Model\Model.php'
    exception-code: 'SQLSTATE[42S22]: Column not found: 1054 Unknown column 'id' in 'where clause''
[2024-11-25 15:27:25]	[ALERT]	500 - la méthode edit n'existe pas
[2024-11-25 15:27:38]	[ALERT]	404 - erreur dans le processus de traitement du routage
    routeInfo: array(
        0 => 1,
        1 => 'deck@update',
        2 => array(
            'id_deck' => '5',
        ),
    )
    exception-line: 230
    exception-file: 'C:\xampp\htdocs\ReignApi\src\Model\Model.php'
    exception-code: 'SQLSTATE[42S22]: Column not found: 1054 Unknown column 'id' in 'where clause''
[2024-11-25 15:32:22]	[ALERT]	404 - erreur dans le processus de traitement du routage
    routeInfo: array(
        0 => 1,
        1 => 'deck@update',
        2 => array(
            'id_deck' => '5',
        ),
    )
    exception-line: 230
    exception-file: 'C:\xampp\htdocs\ReignApi\src\Model\Model.php'
    exception-code: 'SQLSTATE[42S22]: Column not found: 1054 Unknown column 'id' in 'where clause''
[2024-11-25 15:37:23]	[ALERT]	404 - erreur dans le processus de traitement du routage
    routeInfo: array(
        0 => 1,
        1 => 'deck@update',
        2 => array(
            'id_deck' => '5',
        ),
    )
    exception-line: 230
    exception-file: 'C:\xampp\htdocs\ReignApi\src\Model\Model.php'
    exception-code: 'SQLSTATE[42S22]: Column not found: 1054 Unknown column 'id' in 'where clause''
